<?xml version="1.0" encoding="UTF-8"?>
<testsuite xmlns:xsi="http://www.w3.org/2001/XMLSchema-instance" xsi:noNamespaceSchemaLocation="https://maven.apache.org/surefire/maven-surefire-plugin/xsd/surefire-test-report-3.0.xsd" version="3.0" name="com.function.FunctionTest" time="0.646" tests="1" errors="0" skipped="0" failures="0">
  <properties>
[...]
</properties>
  <testcase name="testHttpTriggerJava" classname="com.function.FunctionTest" time="0.606">
    <system-err><![CDATA[feb. 21, 2026 4:42:15 P. M. com.function.Function run
INFORMACIÓN: Java HTTP trigger processed a request.
]]></system-err>
  </testcase>
</testsuite>